#
# A fatal error has been detected by the Java Runtime Environment:
#
#  EXCEPTION_ACCESS_VIOLATION (0xc0000005) at pc=0x00007ff851a38386, pid=2752, tid=9124
#
# JRE version: Java(TM) SE Runtime Environment (22.0.2+9) (build 22.0.2+9-70)
# Java VM: Java HotSpot(TM) 64-Bit Server VM (22.0.2+9-70, mixed mode, sharing, tiered, compressed oops, compressed class ptrs, g1 gc, windows-amd64)
# Problematic frame:
# V  [jvm.dll+0x388386]
#
# No core dump will be written. Minidumps are not enabled by default on client versions of Windows
#
# If you would like to submit a bug report, please visit:
#   https://bugreport.java.com/bugreport/crash.jsp
#

---------------  S U M M A R Y ------------

Command Line: -ea -Dfile.encoding=UTF-8 -Dstdout.encoding=UTF-8 -Dstderr.encoding=UTF-8 -XX:+ShowCodeDetailsInExceptionMessages org.eclipse.jdt.internal.junit.runner.RemoteTestRunner -version 3 -port 59967 -testLoaderClass org.eclipse.jdt.internal.junit4.runner.JUnit4TestLoader -loaderpluginname org.eclipse.jdt.junit4.runtime -classNames org.stepdefinition.TestRunnerClass

Host: Intel(R) Core(TM)2 Duo CPU     T5250  @ 1.50GHz, 2 cores, 3G,  Windows 10 , 64 bit Build 19041 (10.0.19041.2913)
Time: Sat Aug 24 17:52:26 2024 India Standard Time elapsed time: 6.921173 seconds (0d 0h 0m 6s)

---------------  T H R E A D  ---------------

Current thread (0x000002b0bb751a20):  JavaThread "C2 CompilerThread0" daemon [_thread_in_native, id=9124, stack(0x000000df57d00000,0x000000df57e00000) (1024K)]


Current CompileTask:
C2:6921 1899       4       java.lang.invoke.MethodType::makeImpl (109 bytes)

Stack: [0x000000df57d00000,0x000000df57e00000],  sp=0x000000df57dfc730,  free space=1009k
Native frames: (J=compiled Java code, j=interpreted, Vv=VM code, C=native code)
V  [jvm.dll+0x388386]  (no source info available)
V  [jvm.dll+0x38a1ab]  (no source info available)
V  [jvm.dll+0x387b4a]  (no source info available)
V  [jvm.dll+0x3871ba]  (no source info available)
V  [jvm.dll+0x2477f8]  (no source info available)
V  [jvm.dll+0x246e9f]  (no source info available)
V  [jvm.dll+0x1c4e80]  (no source info available)
V  [jvm.dll+0x2568f3]  (no source info available)
V  [jvm.dll+0x254baa]  (no source info available)
V  [jvm.dll+0x3f57a6]  (no source info available)
V  [jvm.dll+0x81dc0b]  (no source info available)
V  [jvm.dll+0x6e0d85]  (no source info available)
C  [ucrtbase.dll+0x21bb2]  (no source info available)
C  [KERNEL32.DLL+0x17614]  (no source info available)
C  [ntdll.dll+0x526a1]  (no source info available)


siginfo: EXCEPTION_ACCESS_VIOLATION (0xc0000005), reading address 0x0000000000000000


Registers:
RAX=0x000002b0fe87cb50, RBX=0x000002b0fe139fd8, RCX=0x000002b0fe139f68, RDX=0x0000000000002579
RSP=0x000000df57dfc730, RBP=0x0000000000000000, RSI=0x0000000000000000, RDI=0x00000000ffffffff
R8 =0x0000000000000000, R9 =0x000002b0fe20feb8, R10=0x000002b0fe061498, R11=0x00007ff87dd21d2e
R12=0x0000000000000001, R13=0x0000000000000003, R14=0x000000df57dfcd10, R15=0x000002b0fe20feb8
RIP=0x00007ff851a38386, EFLAGS=0x0000000000010246


Register to memory mapping:

RAX=0x000002b0fe87cb50 points into unknown readable memory: 0x0000000000000000 | 00 00 00 00 00 00 00 00
RBX=0x000002b0fe139fd8 points into unknown readable memory: 0x00007ff852065590 | 90 55 06 52 f8 7f 00 00
RCX=0x000002b0fe139f68 points into unknown readable memory: 0x00007ff852060bb8 | b8 0b 06 52 f8 7f 00 00
RDX=0x0000000000002579 is an unknown value
RSP=0x000000df57dfc730 is pointing into the stack for thread: 0x000002b0bb751a20
RBP=0x0 is null
RSI=0x0 is null
RDI=0x00000000ffffffff is an unallocated location in the heap
R8 =0x0 is null
R9 =0x000002b0fe20feb8 points into unknown readable memory: 0x00007ff8520f0e48 | 48 0e 0f 52 f8 7f 00 00
R10=0x000002b0fe061498 points into unknown readable memory: 0x000002b0fe210710 | 10 07 21 fe b0 02 00 00
R11=0x00007ff87dd21d2e VCRUNTIME140.dll
R12=0x0000000000000001 is an unknown value
R13=0x0000000000000003 is an unknown value
R14=0x000000df57dfcd10 is pointing into the stack for thread: 0x000002b0bb751a20
R15=0x000002b0fe20feb8 points into unknown readable memory: 0x00007ff8520f0e48 | 48 0e 0f 52 f8 7f 00 00

Top of Stack: (sp=0x000000df57dfc730)
0x000000df57dfc730:   0000000000000008 000002b0fe243540
0x000000df57dfc740:   0000000000000000 000002b0bb74e110
0x000000df57dfc750:   000002b0fe82f1e8 000002b0fe1407d0
0x000000df57dfc760:   0000000000000000 0000000000000000
0x000000df57dfc770:   0000000000000000 0000000000000000
0x000000df57dfc780:   0000000000000000 0000000000000000
0x000000df57dfc790:   0000000000000005 000002b0fe845f10
0x000000df57dfc7a0:   000002b0fe20feb8 000000df57dfcd10
0x000000df57dfc7b0:   0000000000000000 000002b0fe210001
0x000000df57dfc7c0:   000002b0fe242790 000002b0fe2100f8
0x000000df57dfc7d0:   000002b0fe1407d0 00007ff851a3a1ab
0x000000df57dfc7e0:   000002b000000000 000002b000000000
0x000000df57dfc7f0:   000002b0fe242790 0000000000000000
0x000000df57dfc800:   000000df57dfc8e8 000000df57dfc8c8
0x000000df57dfc810:   000000df57dfcd10 000002b0bb74e110
0x000000df57dfc820:   0000000000000000 000002b0fdf618d8
0x000000df57dfc830:   000000df57dfcd10 000000000000242f
0x000000df57dfc840:   000000df57dfc950 00007ff851a37b4a
0x000000df57dfc850:   000002b0fdf5f780 000002b0bb74e110
0x000000df57dfc860:   000002b0fe0b7500 000002b0bb74e110
0x000000df57dfc870:   0000000100002000 000002b00900121b
0x000000df57dfc880:   000000000000121b 0000000000000000
0x000000df57dfc890:   0000000000020010 0000000000000000
0x000000df57dfc8a0:   0000000000000000 000000df57dfc8b4
0x000000df57dfc8b0:   0000000000000101 000002b0fe865f10
0x000000df57dfc8c0:   000000000000121b 000002b0fe833f60
0x000000df57dfc8d0:   000002b0fe83f440 000002b0fe833d60
0x000000df57dfc8e0:   000002b0bb74e110 00007ff800000200
0x000000df57dfc8f0:   000002b0fe16f330 00007ff800000200
0x000000df57dfc900:   000002b0bb74e110 000002b0fdf598f0
0x000000df57dfc910:   00000000001dd4a8 000002b09ee20000
0x000000df57dfc920:   0000000000000000 00007ff898001088 

Instructions: (pc=0x00007ff851a38386)
0x00007ff851a38286:   45 e6 44 8b 84 24 b0 00 00 00 48 8b 4c 24 20 48
0x00007ff851a38296:   8b b4 24 c0 00 00 00 0f 29 74 24 50 44 0f 29 44
0x00007ff851a382a6:   24 30 48 3b de 0f 84 a6 01 00 00 f2 44 0f 10 05
0x00007ff851a382b6:   3e 38 67 00 66 0f 1f 44 00 00 48 8b 5b 58 48 85
0x00007ff851a382c6:   db 0f 84 3f 02 00 00 48 85 ff 74 09 48 3b d9 0f
0x00007ff851a382d6:   84 7c 01 00 00 41 8b 47 2c 24 03 3c 02 75 29 49
0x00007ff851a382e6:   8b 07 49 8b cf ff 50 28 48 8b c8 e8 6a 89 4a 00
0x00007ff851a382f6:   84 c0 74 14 48 8b 46 60 48 8b 53 60 8b 48 14 39
0x00007ff851a38306:   4a 14 0f 8f 26 01 00 00 83 7b 18 00 76 09 48 8b
0x00007ff851a38316:   43 20 48 8b 08 eb 03 48 8b cd 49 8b be 90 00 00
0x00007ff851a38326:   00 48 63 71 28 3b 37 7c 37 3b 77 04 7c 0a 8b d6
0x00007ff851a38336:   48 8b cf e8 62 8a d4 ff 48 63 0f 48 8b d6 48 3b
0x00007ff851a38346:   ce 7f 16 0f 1f 80 00 00 00 00 48 8b 47 08 89 2c
0x00007ff851a38356:   88 48 ff c1 48 3b ca 7e f1 8d 46 01 89 07 eb 03
0x00007ff851a38366:   48 8b d6 48 8b 47 08 8b 7b 28 ff cf 8b 2c 90 3b
0x00007ff851a38376:   7b 18 73 0a 48 8b 43 20 48 8b 34 f8 eb 02 33 f6
0x00007ff851a38386:   48 8b 06 48 8b ce ff 50 20 48 3b c6 74 03 2b 7b
0x00007ff851a38396:   48 3b 7b 18 73 0a 48 8b 43 20 48 8b 14 f8 eb 02
0x00007ff851a383a6:   33 d2 49 8b be 90 00 00 00 48 63 72 28 3b 37 7c
0x00007ff851a383b6:   40 3b 77 04 7c 0a 8b d6 48 8b cf e8 da 89 d4 ff
0x00007ff851a383c6:   48 63 0f 48 8b d6 48 3b ce 7f 1f 45 33 c0 0f 1f
0x00007ff851a383d6:   40 00 0f 1f 84 00 00 00 00 00 48 8b 47 08 44 89
0x00007ff851a383e6:   04 88 48 ff c1 48 3b ca 7e f0 8d 46 01 89 07 eb
0x00007ff851a383f6:   03 48 8b d6 48 8b 47 08 41 ff c5 80 3d a0 bc 8b
0x00007ff851a38406:   00 00 f2 0f 10 73 08 8b 3c 90 0f 84 87 00 00 00
0x00007ff851a38416:   49 8b 4e 08 41 8b d5 e8 0e 99 ec ff 84 c0 0f 85
0x00007ff851a38426:   ad 00 00 00 48 8b bc 24 c8 00 00 00 33 ed 44 8b
0x00007ff851a38436:   84 24 b0 00 00 00 48 8b 4c 24 20 48 8b b4 24 c0
0x00007ff851a38446:   00 00 00 48 3b 9c 24 c0 00 00 00 0f 85 69 fe ff
0x00007ff851a38456:   ff 44 39 84 24 b8 00 00 00 73 16 49 8b d7 49 8b
0x00007ff851a38466:   ce e8 a4 22 00 00 49 8b d7 49 8b ce e8 79 0f 00
0x00007ff851a38476:   00 48 8b 44 24 28 44 0f 28 44 24 30 0f 28 74 24 


Stack slot to memory mapping:

stack at sp + 0 slots: 0x0000000000000008 is an unknown value
stack at sp + 1 slots: 0x000002b0fe243540 points into unknown readable memory: 0x000000df57dfe538 | 38 e5 df 57 df 00 00 00
stack at sp + 2 slots: 0x0 is null
stack at sp + 3 slots: 0x000002b0bb74e110 points into unknown readable memory: 0x0000000100000007 | 07 00 00 00 01 00 00 00
stack at sp + 4 slots: 0x000002b0fe82f1e8 points into unknown readable memory: 0x00007ff852065590 | 90 55 06 52 f8 7f 00 00
stack at sp + 5 slots: 0x000002b0fe1407d0 points into unknown readable memory: 0x00007ff852065590 | 90 55 06 52 f8 7f 00 00
stack at sp + 6 slots: 0x0 is null
stack at sp + 7 slots: 0x0 is null


---------------  P R O C E S S  ---------------

Threads class SMR info:
_java_thread_list=0x000002b0fdb4e690, length=21, elements={
0x000002b09ee58050, 0x000002b0bb747e80, 0x000002b0bb74b350, 0x000002b0bb74ed70,
0x000002b0bb74f7d0, 0x000002b0bb750230, 0x000002b0bb750c90, 0x000002b0bb751a20,
0x000002b0bb786d10, 0x000002b0bb994900, 0x000002b0bb997790, 0x000002b0bba0a330,
0x000002b0fdbd19a0, 0x000002b0bb9d2020, 0x000002b0fd18d380, 0x000002b0bb944780,
0x000002b0bb944df0, 0x000002b0fd37d120, 0x000002b0bb9ef3e0, 0x000002b0bb9f0100,
0x000002b0bb9efa70
}

Java Threads: ( => current thread )
  0x000002b09ee58050 JavaThread "Forwarding newSession on session null to remote"        [_thread_blocked, id=4152, stack(0x000000df56f00000,0x000000df57000000) (1024K)]
  0x000002b0bb747e80 JavaThread "Reference Handler"          daemon [_thread_blocked, id=6312, stack(0x000000df57700000,0x000000df57800000) (1024K)]
  0x000002b0bb74b350 JavaThread "Finalizer"                  daemon [_thread_blocked, id=9976, stack(0x000000df57800000,0x000000df57900000) (1024K)]
  0x000002b0bb74ed70 JavaThread "Signal Dispatcher"          daemon [_thread_blocked, id=10136, stack(0x000000df57900000,0x000000df57a00000) (1024K)]
  0x000002b0bb74f7d0 JavaThread "Attach Listener"            daemon [_thread_blocked, id=8724, stack(0x000000df57a00000,0x000000df57b00000) (1024K)]
  0x000002b0bb750230 JavaThread "Service Thread"             daemon [_thread_blocked, id=7820, stack(0x000000df57b00000,0x000000df57c00000) (1024K)]
  0x000002b0bb750c90 JavaThread "Monitor Deflation Thread"   daemon [_thread_blocked, id=9868, stack(0x000000df57c00000,0x000000df57d00000) (1024K)]
=>0x000002b0bb751a20 JavaThread "C2 CompilerThread0"         daemon [_thread_in_native, id=9124, stack(0x000000df57d00000,0x000000df57e00000) (1024K)]
  0x000002b0bb786d10 JavaThread "C1 CompilerThread0"         daemon [_thread_blocked, id=8952, stack(0x000000df57e00000,0x000000df57f00000) (1024K)]
  0x000002b0bb994900 JavaThread "Notification Thread"        daemon [_thread_blocked, id=896, stack(0x000000df57f00000,0x000000df58000000) (1024K)]
  0x000002b0bb997790 JavaThread "Common-Cleaner"             daemon [_thread_blocked, id=6008, stack(0x000000df58000000,0x000000df58100000) (1024K)]
  0x000002b0bba0a330 JavaThread "ReaderThread"                      [_thread_in_native, id=7112, stack(0x000000df58100000,0x000000df58200000) (1024K)]
  0x000002b0fdbd19a0 JavaThread "ForkJoinPool.commonPool-worker-1" daemon [_thread_blocked, id=6904, stack(0x000000df58300000,0x000000df58400000) (1024K)]
  0x000002b0bb9d2020 JavaThread "HttpClient-1-SelectorManager" daemon [_thread_in_native, id=4212, stack(0x000000df58400000,0x000000df58500000) (1024K)]
  0x000002b0fd18d380 JavaThread "External Process Output Forwarder - C:\Users\Dell\.cache\selenium\chromedriver\win64\127.0.6533.119\chromedriver.exe" daemon [_thread_in_native, id=7468, stack(0x000000df58500000,0x000000df58600000) (1024K)]
  0x000002b0bb944780 JavaThread "Driver Service Executor"    daemon [_thread_blocked, id=2536, stack(0x000000df58600000,0x000000df58700000) (1024K)]
  0x000002b0bb944df0 JavaThread "Driver Service Executor"    daemon [_thread_in_native, id=5828, stack(0x000000df58700000,0x000000df58800000) (1024K)]
  0x000002b0fd37d120 JavaThread "UrlChecker-2"               daemon [_thread_blocked, id=10148, stack(0x000000df58800000,0x000000df58900000) (1024K)]
  0x000002b0bb9ef3e0 JavaThread "Keep-Alive-Timer"           daemon [_thread_blocked, id=9800, stack(0x000000df58a00000,0x000000df58b00000) (1024K)]
  0x000002b0bb9f0100 JavaThread "JdkHttpClient-0-0"          daemon [_thread_blocked, id=6520, stack(0x000000df58b00000,0x000000df58c00000) (1024K)]
  0x000002b0bb9efa70 JavaThread "JdkHttpClient-0-1"          daemon [_thread_blocked, id=2284, stack(0x000000df58c00000,0x000000df58d00000) (1024K)]
Total: 21

Other Threads:
  0x000002b09f12ef80 VMThread "VM Thread"                           [id=8620, stack(0x000000df57600000,0x000000df57700000) (1024K)]
  0x000002b09f11a980 WatcherThread "VM Periodic Task Thread"        [id=948, stack(0x000000df57500000,0x000000df57600000) (1024K)]
  0x000002b09f0ac020 WorkerThread "GC Thread#0"                     [id=5032, stack(0x000000df57000000,0x000000df57100000) (1024K)]
  0x000002b0fd5ec890 WorkerThread "GC Thread#1"                     [id=6800, stack(0x000000df58200000,0x000000df58300000) (1024K)]
  0x000002b09f0b4ee0 ConcurrentGCThread "G1 Main Marker"            [id=7580, stack(0x000000df57100000,0x000000df57200000) (1024K)]
  0x000002b09f0b6250 WorkerThread "G1 Conc#0"                       [id=5316, stack(0x000000df57200000,0x000000df57300000) (1024K)]
  0x000002b09f106eb0 ConcurrentGCThread "G1 Refine#0"               [id=4044, stack(0x000000df57300000,0x000000df57400000) (1024K)]
  0x000002b09f10b100 ConcurrentGCThread "G1 Service"                [id=8616, stack(0x000000df57400000,0x000000df57500000) (1024K)]
Total: 8

Threads with active compile tasks:
C2 CompilerThread0  7216 1899       4       java.lang.invoke.MethodType::makeImpl (109 bytes)
Total: 1

VM state: not at safepoint (normal execution)

VM Mutex/Monitor currently owned by a thread: None

Heap address: 0x00000000c0200000, size: 1022 MB, Compressed Oops mode: 32-bit

CDS archive(s) mapped at: [0x000002b0bc000000-0x000002b0bcc60000-0x000002b0bcc60000), size 12976128, SharedBaseAddress: 0x000002b0bc000000, ArchiveRelocationMode: 1.
Compressed class space mapped at: 0x000002b0bd000000-0x000002b0fd000000, reserved size: 1073741824
Narrow klass base: 0x000002b0bc000000, Narrow klass shift: 0, Narrow klass range: 0x41000000

GC Precious Log:
 CardTable entry size: 512
 Card Set container configuration: InlinePtr #cards 5 size 8 Array Of Cards #cards 12 size 40 Howl #buckets 4 coarsen threshold 1843 Howl Bitmap #cards 512 size 80 coarsen threshold 460 Card regions per heap region 1 cards per card region 2048
 CPUs: 2 total, 2 available
 Memory: 4086M
 Large Page Support: Disabled
 NUMA Support: Disabled
 Compressed Oops: Enabled (32-bit)
 Heap Region Size: 1M
 Heap Min Capacity: 8M
 Heap Initial Capacity: 64M
 Heap Max Capacity: 1022M
 Pre-touch: Disabled
 Parallel Workers: 2
 Concurrent Workers: 1
 Concurrent Refinement Workers: 2
 Periodic GC: Disabled

Heap:
 garbage-first heap   total reserved 1046528K, committed 65536K, used 20063K [0x00000000c0200000, 0x0000000100000000)
  region size 1024K, 17 young (17408K), 2 survivors (2048K)
 Metaspace       used 13605K, committed 13952K, reserved 1114112K
  class space    used 1780K, committed 1920K, reserved 1048576K

Heap Regions: E=young(eden), S=young(survivor), O=old, HS=humongous(starts), HC=humongous(continues), CS=collection set, F=free, TAMS=top-at-mark-start, PB=parsable bottom
|   0|0x00000000c0200000, 0x00000000c0300000, 0x00000000c0300000|100%|HS|  |TAMS 0x00000000c0200000| PB 0x00000000c0200000| Complete |  0
|   1|0x00000000c0300000, 0x00000000c0400000, 0x00000000c0400000|100%| O|  |TAMS 0x00000000c0300000| PB 0x00000000c0300000| Untracked |  0
|   2|0x00000000c0400000, 0x00000000c0500000, 0x00000000c0500000|100%| O|  |TAMS 0x00000000c0400000| PB 0x00000000c0400000| Untracked |  0
|   3|0x00000000c0500000, 0x00000000c0600000, 0x00000000c0600000|100%| O|  |TAMS 0x00000000c0500000| PB 0x00000000c0500000| Untracked |  0
|   4|0x00000000c0600000, 0x00000000c0697d00, 0x00000000c0700000| 59%| O|  |TAMS 0x00000000c0600000| PB 0x00000000c0600000| Untracked |  0
|   5|0x00000000c0700000, 0x00000000c0700000, 0x00000000c0800000|  0%| F|  |TAMS 0x00000000c0700000| PB 0x00000000c0700000| Untracked |  0
|   6|0x00000000c0800000, 0x00000000c0800000, 0x00000000c0900000|  0%| F|  |TAMS 0x00000000c0800000| PB 0x00000000c0800000| Untracked |  0
|   7|0x00000000c0900000, 0x00000000c0900000, 0x00000000c0a00000|  0%| F|  |TAMS 0x00000000c0900000| PB 0x00000000c0900000| Untracked |  0
|   8|0x00000000c0a00000, 0x00000000c0a00000, 0x00000000c0b00000|  0%| F|  |TAMS 0x00000000c0a00000| PB 0x00000000c0a00000| Untracked |  0
|   9|0x00000000c0b00000, 0x00000000c0b00000, 0x00000000c0c00000|  0%| F|  |TAMS 0x00000000c0b00000| PB 0x00000000c0b00000| Untracked |  0
|  10|0x00000000c0c00000, 0x00000000c0c00000, 0x00000000c0d00000|  0%| F|  |TAMS 0x00000000c0c00000| PB 0x00000000c0c00000| Untracked |  0
|  11|0x00000000c0d00000, 0x00000000c0d00000, 0x00000000c0e00000|  0%| F|  |TAMS 0x00000000c0d00000| PB 0x00000000c0d00000| Untracked |  0
|  12|0x00000000c0e00000, 0x00000000c0e00000, 0x00000000c0f00000|  0%| F|  |TAMS 0x00000000c0e00000| PB 0x00000000c0e00000| Untracked |  0
|  13|0x00000000c0f00000, 0x00000000c0f00000, 0x00000000c1000000|  0%| F|  |TAMS 0x00000000c0f00000| PB 0x00000000c0f00000| Untracked |  0
|  14|0x00000000c1000000, 0x00000000c1000000, 0x00000000c1100000|  0%| F|  |TAMS 0x00000000c1000000| PB 0x00000000c1000000| Untracked |  0
|  15|0x00000000c1100000, 0x00000000c1100000, 0x00000000c1200000|  0%| F|  |TAMS 0x00000000c1100000| PB 0x00000000c1100000| Untracked |  0
|  16|0x00000000c1200000, 0x00000000c1200000, 0x00000000c1300000|  0%| F|  |TAMS 0x00000000c1200000| PB 0x00000000c1200000| Untracked |  0
|  17|0x00000000c1300000, 0x00000000c1300000, 0x00000000c1400000|  0%| F|  |TAMS 0x00000000c1300000| PB 0x00000000c1300000| Untracked |  0
|  18|0x00000000c1400000, 0x00000000c1400000, 0x00000000c1500000|  0%| F|  |TAMS 0x00000000c1400000| PB 0x00000000c1400000| Untracked |  0
|  19|0x00000000c1500000, 0x00000000c1500000, 0x00000000c1600000|  0%| F|  |TAMS 0x00000000c1500000| PB 0x00000000c1500000| Untracked |  0
|  20|0x00000000c1600000, 0x00000000c1600000, 0x00000000c1700000|  0%| F|  |TAMS 0x00000000c1600000| PB 0x00000000c1600000| Untracked |  0
|  21|0x00000000c1700000, 0x00000000c1700000, 0x00000000c1800000|  0%| F|  |TAMS 0x00000000c1700000| PB 0x00000000c1700000| Untracked |  0
|  22|0x00000000c1800000, 0x00000000c1800000, 0x00000000c1900000|  0%| F|  |TAMS 0x00000000c1800000| PB 0x00000000c1800000| Untracked |  0
|  23|0x00000000c1900000, 0x00000000c1900000, 0x00000000c1a00000|  0%| F|  |TAMS 0x00000000c1900000| PB 0x00000000c1900000| Untracked |  0
|  24|0x00000000c1a00000, 0x00000000c1a00000, 0x00000000c1b00000|  0%| F|  |TAMS 0x00000000c1a00000| PB 0x00000000c1a00000| Untracked |  0
|  25|0x00000000c1b00000, 0x00000000c1b00000, 0x00000000c1c00000|  0%| F|  |TAMS 0x00000000c1b00000| PB 0x00000000c1b00000| Untracked |  0
|  26|0x00000000c1c00000, 0x00000000c1c00000, 0x00000000c1d00000|  0%| F|  |TAMS 0x00000000c1c00000| PB 0x00000000c1c00000| Untracked |  0
|  27|0x00000000c1d00000, 0x00000000c1d00000, 0x00000000c1e00000|  0%| F|  |TAMS 0x00000000c1d00000| PB 0x00000000c1d00000| Untracked |  0
|  28|0x00000000c1e00000, 0x00000000c1e00000, 0x00000000c1f00000|  0%| F|  |TAMS 0x00000000c1e00000| PB 0x00000000c1e00000| Untracked |  0
|  29|0x00000000c1f00000, 0x00000000c1f00000, 0x00000000c2000000|  0%| F|  |TAMS 0x00000000c1f00000| PB 0x00000000c1f00000| Untracked |  0
|  30|0x00000000c2000000, 0x00000000c2000000, 0x00000000c2100000|  0%| F|  |TAMS 0x00000000c2000000| PB 0x00000000c2000000| Untracked |  0
|  31|0x00000000c2100000, 0x00000000c2100000, 0x00000000c2200000|  0%| F|  |TAMS 0x00000000c2100000| PB 0x00000000c2100000| Untracked |  0
|  32|0x00000000c2200000, 0x00000000c2200000, 0x00000000c2300000|  0%| F|  |TAMS 0x00000000c2200000| PB 0x00000000c2200000| Untracked |  0
|  33|0x00000000c2300000, 0x00000000c2300000, 0x00000000c2400000|  0%| F|  |TAMS 0x00000000c2300000| PB 0x00000000c2300000| Untracked |  0
|  34|0x00000000c2400000, 0x00000000c2400000, 0x00000000c2500000|  0%| F|  |TAMS 0x00000000c2400000| PB 0x00000000c2400000| Untracked |  0
|  35|0x00000000c2500000, 0x00000000c2500000, 0x00000000c2600000|  0%| F|  |TAMS 0x00000000c2500000| PB 0x00000000c2500000| Untracked |  0
|  36|0x00000000c2600000, 0x00000000c2600000, 0x00000000c2700000|  0%| F|  |TAMS 0x00000000c2600000| PB 0x00000000c2600000| Untracked |  0
|  37|0x00000000c2700000, 0x00000000c2700000, 0x00000000c2800000|  0%| F|  |TAMS 0x00000000c2700000| PB 0x00000000c2700000| Untracked |  0
|  38|0x00000000c2800000, 0x00000000c2800000, 0x00000000c2900000|  0%| F|  |TAMS 0x00000000c2800000| PB 0x00000000c2800000| Untracked |  0
|  39|0x00000000c2900000, 0x00000000c2900000, 0x00000000c2a00000|  0%| F|  |TAMS 0x00000000c2900000| PB 0x00000000c2900000| Untracked |  0
|  40|0x00000000c2a00000, 0x00000000c2a00000, 0x00000000c2b00000|  0%| F|  |TAMS 0x00000000c2a00000| PB 0x00000000c2a00000| Untracked |  0
|  41|0x00000000c2b00000, 0x00000000c2b00000, 0x00000000c2c00000|  0%| F|  |TAMS 0x00000000c2b00000| PB 0x00000000c2b00000| Untracked |  0
|  42|0x00000000c2c00000, 0x00000000c2c00000, 0x00000000c2d00000|  0%| F|  |TAMS 0x00000000c2c00000| PB 0x00000000c2c00000| Untracked |  0
|  43|0x00000000c2d00000, 0x00000000c2d00000, 0x00000000c2e00000|  0%| F|  |TAMS 0x00000000c2d00000| PB 0x00000000c2d00000| Untracked |  0
|  44|0x00000000c2e00000, 0x00000000c2e00000, 0x00000000c2f00000|  0%| F|  |TAMS 0x00000000c2e00000| PB 0x00000000c2e00000| Untracked |  0
|  45|0x00000000c2f00000, 0x00000000c2f00000, 0x00000000c3000000|  0%| F|  |TAMS 0x00000000c2f00000| PB 0x00000000c2f00000| Untracked |  0
|  46|0x00000000c3000000, 0x00000000c3000000, 0x00000000c3100000|  0%| F|  |TAMS 0x00000000c3000000| PB 0x00000000c3000000| Untracked |  0
|  47|0x00000000c3100000, 0x00000000c3125210, 0x00000000c3200000| 14%| E|  |TAMS 0x00000000c3100000| PB 0x00000000c3100000| Complete |  0
|  48|0x00000000c3200000, 0x00000000c3300000, 0x00000000c3300000|100%| E|CS|TAMS 0x00000000c3200000| PB 0x00000000c3200000| Complete |  0
|  49|0x00000000c3300000, 0x00000000c3400000, 0x00000000c3400000|100%| E|CS|TAMS 0x00000000c3300000| PB 0x00000000c3300000| Complete |  0
|  50|0x00000000c3400000, 0x00000000c3500000, 0x00000000c3500000|100%| E|CS|TAMS 0x00000000c3400000| PB 0x00000000c3400000| Complete |  0
|  51|0x00000000c3500000, 0x00000000c3600000, 0x00000000c3600000|100%| S|CS|TAMS 0x00000000c3500000| PB 0x00000000c3500000| Complete |  0
|  52|0x00000000c3600000, 0x00000000c3700000, 0x00000000c3700000|100%| S|CS|TAMS 0x00000000c3600000| PB 0x00000000c3600000| Complete |  0
|  53|0x00000000c3700000, 0x00000000c3800000, 0x00000000c3800000|100%| E|CS|TAMS 0x00000000c3700000| PB 0x00000000c3700000| Complete |  0
|  54|0x00000000c3800000, 0x00000000c3900000, 0x00000000c3900000|100%| E|CS|TAMS 0x00000000c3800000| PB 0x00000000c3800000| Complete |  0
|  55|0x00000000c3900000, 0x00000000c3a00000, 0x00000000c3a00000|100%| E|CS|TAMS 0x00000000c3900000| PB 0x00000000c3900000| Complete |  0
|  56|0x00000000c3a00000, 0x00000000c3b00000, 0x00000000c3b00000|100%| E|CS|TAMS 0x00000000c3a00000| PB 0x00000000c3a00000| Complete |  0
|  57|0x00000000c3b00000, 0x00000000c3c00000, 0x00000000c3c00000|100%| E|CS|TAMS 0x00000000c3b00000| PB 0x00000000c3b00000| Complete |  0
|  58|0x00000000c3c00000, 0x00000000c3d00000, 0x00000000c3d00000|100%| E|CS|TAMS 0x00000000c3c00000| PB 0x00000000c3c00000| Complete |  0
|  59|0x00000000c3d00000, 0x00000000c3e00000, 0x00000000c3e00000|100%| E|CS|TAMS 0x00000000c3d00000| PB 0x00000000c3d00000| Complete |  0
|  60|0x00000000c3e00000, 0x00000000c3eff9f0, 0x00000000c3f00000| 99%| E|  |TAMS 0x00000000c3e00000| PB 0x00000000c3e00000| Complete |  0
|  61|0x00000000c3f00000, 0x00000000c4000000, 0x00000000c4000000|100%| E|CS|TAMS 0x00000000c3f00000| PB 0x00000000c3f00000| Complete |  0
|  62|0x00000000c4000000, 0x00000000c4100000, 0x00000000c4100000|100%| E|CS|TAMS 0x00000000c4000000| PB 0x00000000c4000000| Complete |  0
|  63|0x00000000c4100000, 0x00000000c4200000, 0x00000000c4200000|100%| E|CS|TAMS 0x00000000c4100000| PB 0x00000000c4100000| Complete |  0

Card table byte_map: [0x000002b0b81c0000,0x000002b0b83c0000] _byte_map_base: 0x000002b0b7bbf000

Marking Bits: (CMBitMap*) 0x000002b09f0ac640
 Bits: [0x000002b0b83c0000, 0x000002b0b93b8000)

Polling page: 0x000002b09f140000

Metaspace:

Usage:
  Non-class:     11.55 MB used.
      Class:      1.74 MB used.
       Both:     13.29 MB used.

Virtual space:
  Non-class space:       64.00 MB reserved,      11.75 MB ( 18%) committed,  1 nodes.
      Class space:        1.00 GB reserved,       1.88 MB ( <1%) committed,  1 nodes.
             Both:        1.06 GB reserved,      13.62 MB (  1%) committed. 

Chunk freelists:
   Non-Class:  3.86 MB
       Class:  14.01 MB
        Both:  17.87 MB

MaxMetaspaceSize: unlimited
CompressedClassSpaceSize: 1.00 GB
Initial GC threshold: 21.00 MB
Current GC threshold: 21.00 MB
CDS: on
 - commit_granule_bytes: 65536.
 - commit_granule_words: 8192.
 - virtual_space_node_default_size: 8388608.
 - enlarge_chunks_in_place: 1.
 - use_allocation_guard: 0.


Internal statistics:

num_allocs_failed_limit: 0.
num_arena_births: 360.
num_arena_deaths: 0.
num_vsnodes_births: 2.
num_vsnodes_deaths: 0.
num_space_committed: 218.
num_space_uncommitted: 0.
num_chunks_returned_to_freelist: 0.
num_chunks_taken_from_freelist: 740.
num_chunk_merges: 0.
num_chunk_splits: 422.
num_chunks_enlarged: 245.
num_inconsistent_stats: 0.

CodeHeap 'non-profiled nmethods': size=120064Kb used=649Kb max_used=649Kb free=119414Kb
 bounds [0x000002b0b0680000, 0x000002b0b08f0000, 0x000002b0b7bc0000]
CodeHeap 'profiled nmethods': size=120000Kb used=3736Kb max_used=3736Kb free=116264Kb
 bounds [0x000002b0a8bc0000, 0x000002b0a8f70000, 0x000002b0b00f0000]
CodeHeap 'non-nmethods': size=5696Kb used=1478Kb max_used=1484Kb free=4217Kb
 bounds [0x000002b0b00f0000, 0x000002b0b0360000, 0x000002b0b0680000]
 total_blobs=2530 nmethods=1980 adapters=455
 compilation: enabled
              stopped_count=0, restarted_count=0
 full_count=0

Compilation events (20 events):
Event: 6.640 Thread 0x000002b0bb786d10 1975       1       java.nio.MappedByteBuffer::fileDescriptor (5 bytes)
Event: 6.640 Thread 0x000002b0bb786d10 nmethod 1975 0x000002b0b0721310 code [0x000002b0b07214a0, 0x000002b0b0721568]
Event: 6.640 Thread 0x000002b0bb786d10 1976       1       java.nio.MappedByteBuffer::isSync (5 bytes)
Event: 6.641 Thread 0x000002b0bb786d10 nmethod 1976 0x000002b0b0721610 code [0x000002b0b07217a0, 0x000002b0b0721870]
Event: 6.643 Thread 0x000002b0bb786d10 1977       1       jdk.internal.loader.BuiltinClassLoader$LoadedModule::mref (5 bytes)
Event: 6.644 Thread 0x000002b0bb786d10 nmethod 1977 0x000002b0b0721910 code [0x000002b0b0721aa0, 0x000002b0b0721b68]
Event: 6.644 Thread 0x000002b0bb786d10 1978       1       java.nio.DirectByteBufferR::isDirect (2 bytes)
Event: 6.644 Thread 0x000002b0bb786d10 nmethod 1978 0x000002b0b0721c10 code [0x000002b0b0721da0, 0x000002b0b0721e68]
Event: 6.650 Thread 0x000002b0bb786d10 1979       3       java.lang.invoke.MethodHandle::setAsTypeCache (33 bytes)
Event: 6.652 Thread 0x000002b0bb786d10 nmethod 1979 0x000002b0a8f63210 code [0x000002b0a8f63400, 0x000002b0a8f639f0]
Event: 6.694 Thread 0x000002b0bb786d10 1980       1       java.lang.invoke.MethodHandle::isInvokeSpecial (2 bytes)
Event: 6.695 Thread 0x000002b0bb786d10 nmethod 1980 0x000002b0b0721f10 code [0x000002b0b07220a0, 0x000002b0b0722168]
Event: 6.704 Thread 0x000002b0bb786d10 1981       3       jdk.internal.org.objectweb.asm.MethodVisitor::visitFieldInsn (20 bytes)
Event: 6.704 Thread 0x000002b0bb786d10 nmethod 1981 0x000002b0a8f63c10 code [0x000002b0a8f63dc0, 0x000002b0a8f63fc8]
Event: 6.717 Thread 0x000002b0bb786d10 1983       3       java.util.Arrays::copyOfRange (90 bytes)
Event: 6.718 Thread 0x000002b0bb786d10 nmethod 1983 0x000002b0a8f64090 code [0x000002b0a8f64340, 0x000002b0a8f65020]
Event: 6.735 Thread 0x000002b0bb786d10 1984       3       java.lang.Thread::onSpinWait (1 bytes)
Event: 6.735 Thread 0x000002b0bb786d10 nmethod 1984 0x000002b0a8f65490 code [0x000002b0a8f65620, 0x000002b0a8f65708]
Event: 6.737 Thread 0x000002b0bb786d10 1985       3       java.lang.invoke.MethodHandles$Lookup::restrictProtectedReceiver (51 bytes)
Event: 6.738 Thread 0x000002b0bb786d10 nmethod 1985 0x000002b0a8f65790 code [0x000002b0a8f65980, 0x000002b0a8f65e58]

GC Heap History (6 events):
Event: 1.904 GC heap before
{Heap before GC invocations=0 (full 0):
 garbage-first heap   total reserved 1046528K, committed 65536K, used 7168K [0x00000000c0200000, 0x0000000100000000)
  region size 1024K, 7 young (7168K), 0 survivors (0K)
 Metaspace       used 1776K, committed 1920K, reserved 1114112K
  class space    used 190K, committed 256K, reserved 1048576K
}
Event: 1.915 GC heap after
{Heap after GC invocations=1 (full 0):
 garbage-first heap   total reserved 1046528K, committed 65536K, used 4654K [0x00000000c0200000, 0x0000000100000000)
  region size 1024K, 1 young (1024K), 1 survivors (1024K)
 Metaspace       used 1776K, committed 1920K, reserved 1114112K
  class space    used 190K, committed 256K, reserved 1048576K
}
Event: 2.678 GC heap before
{Heap before GC invocations=1 (full 0):
 garbage-first heap   total reserved 1046528K, committed 65536K, used 9774K [0x00000000c0200000, 0x0000000100000000)
  region size 1024K, 6 young (6144K), 1 survivors (1024K)
 Metaspace       used 3965K, committed 4096K, reserved 1114112K
  class space    used 491K, committed 512K, reserved 1048576K
}
Event: 2.688 GC heap after
{Heap after GC invocations=2 (full 0):
 garbage-first heap   total reserved 1046528K, committed 65536K, used 5592K [0x00000000c0200000, 0x0000000100000000)
  region size 1024K, 1 young (1024K), 1 survivors (1024K)
 Metaspace       used 3965K, committed 4096K, reserved 1114112K
  class space    used 491K, committed 512K, reserved 1048576K
}
Event: 5.120 GC heap before
{Heap before GC invocations=2 (full 0):
 garbage-first heap   total reserved 1046528K, committed 65536K, used 15832K [0x00000000c0200000, 0x0000000100000000)
  region size 1024K, 11 young (11264K), 1 survivors (1024K)
 Metaspace       used 7407K, committed 7744K, reserved 1114112K
  class space    used 1001K, committed 1152K, reserved 1048576K
}
Event: 5.133 GC heap after
{Heap after GC invocations=3 (full 0):
 garbage-first heap   total reserved 1046528K, committed 65536K, used 6751K [0x00000000c0200000, 0x0000000100000000)
  region size 1024K, 2 young (2048K), 2 survivors (2048K)
 Metaspace       used 7407K, committed 7744K, reserved 1114112K
  class space    used 1001K, committed 1152K, reserved 1048576K
}

Dll operation events (9 events):
Event: 0.027 Loaded shared library C:\Program Files\Java\jdk-22\bin\java.dll
Event: 0.214 Loaded shared library C:\Program Files\Java\jdk-22\bin\jsvml.dll
Event: 0.674 Loaded shared library C:\Program Files\Java\jdk-22\bin\net.dll
Event: 0.679 Loaded shared library C:\Program Files\Java\jdk-22\bin\nio.dll
Event: 0.738 Loaded shared library C:\Program Files\Java\jdk-22\bin\zip.dll
Event: 1.368 Loaded shared library C:\Program Files\Java\jdk-22\bin\extnet.dll
Event: 1.431 Loaded shared library C:\Program Files\Java\jdk-22\bin\verify.dll
Event: 1.882 Loaded shared library C:\Program Files\Java\jdk-22\bin\jimage.dll
Event: 5.981 Loaded shared library C:\Program Files\Java\jdk-22\bin\sunmscapi.dll

Deoptimization events (20 events):
Event: 6.106 Thread 0x000002b0bb9d2020 Uncommon trap: trap_request=0xffffffde fr.pc=0x000002b0b06e8d24 relative=0x0000000000000084
Event: 6.106 Thread 0x000002b0bb9d2020 Uncommon trap: reason=class_check action=maybe_recompile pc=0x000002b0b06e8d24 method=jdk.internal.misc.Blocker.begin()J @ 11 c2
Event: 6.106 Thread 0x000002b0bb9d2020 DEOPT PACKING pc=0x000002b0b06e8d24 sp=0x000000df584fedf0
Event: 6.106 Thread 0x000002b0bb9d2020 DEOPT UNPACKING pc=0x000002b0b014469c sp=0x000000df584fed48 mode 2
Event: 6.159 Thread 0x000002b09ee58050 Uncommon trap: trap_request=0xffffffc6 fr.pc=0x000002b0b06de990 relative=0x0000000000000390
Event: 6.159 Thread 0x000002b09ee58050 Uncommon trap: reason=bimorphic_or_optimized_type_check action=maybe_recompile pc=0x000002b0b06de990 method=java.util.regex.Pattern$BmpCharPropertyGreedy.match(Ljava/util/regex/Matcher;ILjava/lang/CharSequence;)Z @ 26 c2
Event: 6.159 Thread 0x000002b09ee58050 DEOPT PACKING pc=0x000002b0b06de990 sp=0x000000df56ffc510
Event: 6.159 Thread 0x000002b09ee58050 DEOPT UNPACKING pc=0x000002b0b014469c sp=0x000000df56ffc4a8 mode 2
Event: 6.593 Thread 0x000002b0bb9d2020 Uncommon trap: trap_request=0xffffffde fr.pc=0x000002b0b06e8d24 relative=0x0000000000000084
Event: 6.593 Thread 0x000002b0bb9d2020 Uncommon trap: reason=class_check action=maybe_recompile pc=0x000002b0b06e8d24 method=jdk.internal.misc.Blocker.begin()J @ 11 c2
Event: 6.593 Thread 0x000002b0bb9d2020 DEOPT PACKING pc=0x000002b0b06e8d24 sp=0x000000df584fedf0
Event: 6.593 Thread 0x000002b0bb9d2020 DEOPT UNPACKING pc=0x000002b0b014469c sp=0x000000df584fed48 mode 2
Event: 6.708 Thread 0x000002b0bb9d2020 Uncommon trap: trap_request=0xffffffde fr.pc=0x000002b0b06e8d24 relative=0x0000000000000084
Event: 6.708 Thread 0x000002b0bb9d2020 Uncommon trap: reason=class_check action=maybe_recompile pc=0x000002b0b06e8d24 method=jdk.internal.misc.Blocker.begin()J @ 11 c2
Event: 6.708 Thread 0x000002b0bb9d2020 DEOPT PACKING pc=0x000002b0b06e8d24 sp=0x000000df584fedf0
Event: 6.708 Thread 0x000002b0bb9d2020 DEOPT UNPACKING pc=0x000002b0b014469c sp=0x000000df584fed48 mode 2
Event: 6.716 Thread 0x000002b0bb9d2020 Uncommon trap: trap_request=0xffffffde fr.pc=0x000002b0b06e8d24 relative=0x0000000000000084
Event: 6.716 Thread 0x000002b0bb9d2020 Uncommon trap: reason=class_check action=maybe_recompile pc=0x000002b0b06e8d24 method=jdk.internal.misc.Blocker.begin()J @ 11 c2
Event: 6.716 Thread 0x000002b0bb9d2020 DEOPT PACKING pc=0x000002b0b06e8d24 sp=0x000000df584fedf0
Event: 6.716 Thread 0x000002b0bb9d2020 DEOPT UNPACKING pc=0x000002b0b014469c sp=0x000000df584fed48 mode 2

Classes loaded (20 events):
Event: 6.713 Loading class java/nio/channels/SelectionKey
Event: 6.713 Loading class java/nio/channels/SelectionKey done
Event: 6.713 Loading class java/nio/channels/spi/AbstractSelectionKey done
Event: 6.714 Loading class sun/nio/ch/SelectionKeyImpl done
Event: 6.715 Loading class java/lang/invoke/ConstantBootstraps
Event: 6.715 Loading class java/lang/invoke/ConstantBootstraps done
Event: 6.728 Loading class java/util/concurrent/CompletableFuture$UniHandle
Event: 6.729 Loading class java/util/concurrent/CompletableFuture$UniHandle done
Event: 6.733 Loading class java/util/concurrent/CompletableFuture$UniRelay
Event: 6.733 Loading class java/util/concurrent/CompletableFuture$UniRelay done
Event: 6.753 Loading class sun/nio/ch/IOVecWrapper
Event: 6.754 Loading class sun/nio/ch/IOVecWrapper done
Event: 6.754 Loading class sun/nio/ch/AllocatedNativeObject
Event: 6.754 Loading class sun/nio/ch/NativeObject
Event: 6.754 Loading class sun/nio/ch/NativeObject done
Event: 6.754 Loading class sun/nio/ch/AllocatedNativeObject done
Event: 6.755 Loading class sun/nio/ch/IOVecWrapper$Deallocator
Event: 6.755 Loading class sun/nio/ch/IOVecWrapper$Deallocator done
Event: 6.769 Loading class java/util/concurrent/CompletableFuture$UniApply
Event: 6.770 Loading class java/util/concurrent/CompletableFuture$UniApply done

Classes unloaded (0 events):
No events

Classes redefined (0 events):
No events

Internal exceptions (20 events):
Event: 5.322 Thread 0x000002b09ee58050 Exception <a 'java/lang/NoSuchMethodError'{0x00000000c40a78f0}: 'int java.lang.invoke.DirectMethodHandle$Holder.invokeVirtual(java.lang.Object, java.lang.Object, java.lang.Object)'> (0x00000000c40a78f0) 
thrown [s\open\src\hotspot\share\interpreter\linkResolver.cpp, line 774]
Event: 5.324 Thread 0x000002b09ee58050 Exception <a 'java/lang/NoSuchMethodError'{0x00000000c40abf50}: 'int java.lang.invoke.DirectMethodHandle$Holder.invokeStaticInit(java.lang.Object, int, int)'> (0x00000000c40abf50) 
thrown [s\open\src\hotspot\share\interpreter\linkResolver.cpp, line 774]
Event: 5.326 Thread 0x000002b09ee58050 Exception <a 'java/lang/NoSuchMethodError'{0x00000000c40b36d8}: 'int java.lang.invoke.DirectMethodHandle$Holder.invokeStaticInit(java.lang.Object, long, long)'> (0x00000000c40b36d8) 
thrown [s\open\src\hotspot\share\interpreter\linkResolver.cpp, line 774]
Event: 5.327 Thread 0x000002b09ee58050 Exception <a 'java/lang/NoSuchMethodError'{0x00000000c40ba400}: 'int java.lang.invoke.DirectMethodHandle$Holder.invokeStaticInit(java.lang.Object, float, float)'> (0x00000000c40ba400) 
thrown [s\open\src\hotspot\share\interpreter\linkResolver.cpp, line 774]
Event: 5.329 Thread 0x000002b09ee58050 Exception <a 'java/lang/NoSuchMethodError'{0x00000000c40c1120}: 'int java.lang.invoke.DirectMethodHandle$Holder.invokeStaticInit(java.lang.Object, double, double)'> (0x00000000c40c1120) 
thrown [s\open\src\hotspot\share\interpreter\linkResolver.cpp, line 774]
Event: 5.330 Thread 0x000002b09ee58050 Exception <a 'java/lang/NoSuchMethodError'{0x00000000c40c5ad8}: 'int java.lang.invoke.DirectMethodHandle$Holder.invokeStatic(java.lang.Object, long)'> (0x00000000c40c5ad8) 
thrown [s\open\src\hotspot\share\interpreter\linkResolver.cpp, line 774]
Event: 5.336 Thread 0x000002b09ee58050 Exception <a 'java/lang/NoSuchMethodError'{0x00000000c40d9c80}: 'int java.lang.invoke.DirectMethodHandle$Holder.invokeSpecial(java.lang.Object, java.lang.Object, java.lang.Object, java.lang.Object)'> (0x00000000c40d9c80) 
thrown [s\open\src\hotspot\share\interpreter\linkResolver.cpp, line 774]
Event: 5.340 Thread 0x000002b09ee58050 Exception <a 'java/lang/NoSuchMethodError'{0x00000000c40e7b28}: 'java.lang.Object java.lang.invoke.DirectMethodHandle$Holder.invokeStatic(java.lang.Object, int, java.lang.Object, java.lang.Object)'> (0x00000000c40e7b28) 
thrown [s\open\src\hotspot\share\interpreter\linkResolver.cpp, line 774]
Event: 5.341 Thread 0x000002b09ee58050 Exception <a 'java/lang/NoSuchMethodError'{0x00000000c40eb8a0}: 'java.lang.Object java.lang.invoke.DelegatingMethodHandle$Holder.delegate(java.lang.Object, int, java.lang.Object, java.lang.Object)'> (0x00000000c40eb8a0) 
thrown [s\open\src\hotspot\share\interpreter\linkResolver.cpp, line 774]
Event: 5.362 Thread 0x000002b09ee58050 Exception <a 'java/lang/NoSuchMethodError'{0x00000000c40fb1e0}: 'int java.lang.invoke.Invokers$Holder.linkToTargetMethod(java.lang.Object, java.lang.Object, java.lang.Object)'> (0x00000000c40fb1e0) 
thrown [s\open\src\hotspot\share\interpreter\linkResolver.cpp, line 774]
Event: 5.510 Thread 0x000002b09ee58050 Exception <a 'sun/nio/fs/WindowsException'{0x00000000c3fd94d8}> (0x00000000c3fd94d8) 
thrown [s\open\src\hotspot\share\prims\jni.cpp, line 520]
Event: 6.154 Thread 0x000002b09ee58050 Exception <a 'java/lang/IncompatibleClassChangeError'{0x00000000c3755600}: Found class java.lang.Object, but interface was expected> (0x00000000c3755600) 
thrown [s\open\src\hotspot\share\interpreter\linkResolver.cpp, line 841]
Event: 6.157 Thread 0x000002b09ee58050 Exception <a 'java/lang/NoSuchMethodError'{0x00000000c375d420}: 'int java.lang.invoke.DirectMethodHandle$Holder.invokeSpecialIFC(java.lang.Object, java.lang.Object, java.lang.Object, java.lang.Object)'> (0x00000000c375d420) 
thrown [s\open\src\hotspot\share\interpreter\linkResolver.cpp, line 774]
Event: 6.168 Thread 0x000002b09ee58050 Exception <a 'java/lang/NoSuchMethodError'{0x00000000c377fd48}: 'java.lang.Object java.lang.invoke.DirectMethodHandle$Holder.invokeVirtual(java.lang.Object, java.lang.Object, java.lang.Object, java.lang.Object)'> (0x00000000c377fd48) 
thrown [s\open\src\hotspot\share\interpreter\linkResolver.cpp, line 774]
Event: 6.231 Thread 0x000002b0fd37d120 Exception <a 'java/net/ConnectException'{0x00000000c340a4e8}: Connection refused: getsockopt> (0x00000000c340a4e8) 
thrown [s\open\src\hotspot\share\prims\jni.cpp, line 539]
Event: 6.256 Thread 0x000002b0fd37d120 Exception <a 'java/net/ConnectException'{0x00000000c340b5e0}: Connection refused: getsockopt> (0x00000000c340b5e0) 
thrown [s\open\src\hotspot\share\prims\jni.cpp, line 539]
Event: 6.290 Thread 0x000002b0fd37d120 Exception <a 'java/net/ConnectException'{0x00000000c340c500}: Connection refused: getsockopt> (0x00000000c340c500) 
thrown [s\open\src\hotspot\share\prims\jni.cpp, line 539]
Event: 6.423 Thread 0x000002b09ee58050 Exception <a 'java/lang/NoSuchMethodError'{0x00000000c34c15b8}: 'java.lang.Object java.lang.invoke.DirectMethodHandle$Holder.newInvokeSpecial(java.lang.Object, java.lang.Object, int, int)'> (0x00000000c34c15b8) 
thrown [s\open\src\hotspot\share\interpreter\linkResolver.cpp, line 774]
Event: 6.429 Thread 0x000002b09ee58050 Exception <a 'java/lang/NoSuchMethodError'{0x00000000c34d1fc8}: 'void java.lang.invoke.DirectMethodHandle$Holder.invokeStatic(java.lang.Object, java.lang.Object, int)'> (0x00000000c34d1fc8) 
thrown [s\open\src\hotspot\share\interpreter\linkResolver.cpp, line 774]
Event: 6.535 Thread 0x000002b09ee58050 Exception <a 'java/lang/NoSuchMethodError'{0x00000000c3396fc8}: 'void java.lang.invoke.DirectMethodHandle$Holder.invokeStatic(java.lang.Object, java.lang.Object, java.lang.Object, java.lang.Object, java.lang.Object, java.lang.Object, java.lang.Object)'> (0x00000000c3396fc8) 
thrown [s\open\src\hotspot\share\interpreter\linkResolver.cpp, line 774]

ZGC Phase Switch (0 events):
No events

VM Operations (20 events):
Event: 2.942 Executing VM operation: HandshakeAllThreads (Deoptimize)
Event: 2.942 Executing VM operation: HandshakeAllThreads (Deoptimize) done
Event: 3.845 Executing VM operation: HandshakeAllThreads (Deoptimize)
Event: 3.846 Executing VM operation: HandshakeAllThreads (Deoptimize) done
Event: 3.846 Executing VM operation: Cleanup
Event: 3.846 Executing VM operation: Cleanup done
Event: 4.847 Executing VM operation: Cleanup
Event: 4.847 Executing VM operation: Cleanup done
Event: 5.120 Executing VM operation: G1CollectForAllocation (G1 Evacuation Pause)
Event: 5.133 Executing VM operation: G1CollectForAllocation (G1 Evacuation Pause) done
Event: 5.390 Executing VM operation: HandshakeAllThreads (Deoptimize)
Event: 5.390 Executing VM operation: HandshakeAllThreads (Deoptimize) done
Event: 5.690 Executing VM operation: HandshakeAllThreads (Deoptimize)
Event: 5.690 Executing VM operation: HandshakeAllThreads (Deoptimize) done
Event: 6.187 Executing VM operation: HandshakeAllThreads (Deoptimize)
Event: 6.188 Executing VM operation: HandshakeAllThreads (Deoptimize) done
Event: 6.188 Executing VM operation: Cleanup
Event: 6.188 Executing VM operation: Cleanup done
Event: 6.347 Executing VM operation: HandshakeAllThreads (Deoptimize)
Event: 6.347 Executing VM operation: HandshakeAllThreads (Deoptimize) done

Memory protections (0 events):
No events

Nmethod flushes (0 events):
No events

Events (20 events):
Event: 0.211 Thread 0x000002b09ee58050 Thread added: 0x000002b0bb74ed70
Event: 0.211 Thread 0x000002b09ee58050 Thread added: 0x000002b0bb74f7d0
Event: 0.211 Thread 0x000002b09ee58050 Thread added: 0x000002b0bb750230
Event: 0.211 Thread 0x000002b09ee58050 Thread added: 0x000002b0bb750c90
Event: 0.212 Thread 0x000002b09ee58050 Thread added: 0x000002b0bb751a20
Event: 0.215 Thread 0x000002b09ee58050 Thread added: 0x000002b0bb786d10
Event: 0.641 Thread 0x000002b09ee58050 Thread added: 0x000002b0bb994900
Event: 0.663 Thread 0x000002b09ee58050 Thread added: 0x000002b0bb997790
Event: 1.419 Thread 0x000002b09ee58050 Thread added: 0x000002b0bba0a330
Event: 4.013 Thread 0x000002b09ee58050 Thread added: 0x000002b0fdb8cb60
Event: 5.010 Thread 0x000002b0fdb8cb60 Thread exited: 0x000002b0fdb8cb60
Event: 5.213 Thread 0x000002b09ee58050 Thread added: 0x000002b0fdbd19a0
Event: 6.095 Thread 0x000002b09ee58050 Thread added: 0x000002b0bb9d2020
Event: 6.184 Thread 0x000002b09ee58050 Thread added: 0x000002b0fd18d380
Event: 6.189 Thread 0x000002b09ee58050 Thread added: 0x000002b0bb944780
Event: 6.190 Thread 0x000002b09ee58050 Thread added: 0x000002b0bb944df0
Event: 6.203 Thread 0x000002b0bb944780 Thread added: 0x000002b0fd37d120
Event: 6.346 Thread 0x000002b0fd37d120 Thread added: 0x000002b0bb9ef3e0
Event: 6.584 Thread 0x000002b09ee58050 Thread added: 0x000002b0bb9f0100
Event: 6.724 Thread 0x000002b0bb9d2020 Thread added: 0x000002b0bb9efa70


Dynamic libraries:
0x00007ff62f340000 - 0x00007ff62f350000 	C:\Program Files\Java\jdk-22\bin\javaw.exe
0x00007ff8a03f0000 - 0x00007ff8a05e8000 	C:\Windows\SYSTEM32\ntdll.dll
0x00007ff8a0150000 - 0x00007ff8a020f000 	C:\Windows\System32\KERNEL32.DLL
0x00007ff89dc30000 - 0x00007ff89df26000 	C:\Windows\System32\KERNELBASE.dll
0x00007ff89e090000 - 0x00007ff89e190000 	C:\Windows\System32\ucrtbase.dll
0x00007ff87dd40000 - 0x00007ff87dd57000 	C:\Program Files\Java\jdk-22\bin\jli.dll
0x00007ff8a0210000 - 0x00007ff8a03ad000 	C:\Windows\System32\USER32.dll
0x00007ff89e060000 - 0x00007ff89e082000 	C:\Windows\System32\win32u.dll
0x00007ff89ebe0000 - 0x00007ff89ec0c000 	C:\Windows\System32\GDI32.dll
0x00007ff89e330000 - 0x00007ff89e445000 	C:\Windows\System32\gdi32full.dll
0x00007ff89e200000 - 0x00007ff89e29d000 	C:\Windows\System32\msvcp_win.dll
0x00007ff87dd20000 - 0x00007ff87dd3b000 	C:\Program Files\Java\jdk-22\bin\VCRUNTIME140.dll
0x00007ff892e00000 - 0x00007ff89309a000 	C:\Windows\WinSxS\amd64_microsoft.windows.common-controls_6595b64144ccf1df_6.0.19041.1110_none_60b5254171f9507e\COMCTL32.dll
0x00007ff89ecc0000 - 0x00007ff89ed5e000 	C:\Windows\System32\msvcrt.dll
0x00007ff8a0070000 - 0x00007ff8a00a0000 	C:\Windows\System32\IMM32.DLL
0x00007ff899480000 - 0x00007ff89948c000 	C:\Program Files\Java\jdk-22\bin\vcruntime140_1.dll
0x00007ff8559e0000 - 0x00007ff855a6e000 	C:\Program Files\Java\jdk-22\bin\msvcp140.dll
0x00007ff8516b0000 - 0x00007ff8523f9000 	C:\Program Files\Java\jdk-22\bin\server\jvm.dll
0x00007ff89ec10000 - 0x00007ff89ecbf000 	C:\Windows\System32\ADVAPI32.dll
0x00007ff89e600000 - 0x00007ff89e69c000 	C:\Windows\System32\sechost.dll
0x00007ff89ef10000 - 0x00007ff89f036000 	C:\Windows\System32\RPCRT4.dll
0x00007ff89ff90000 - 0x00007ff89fffb000 	C:\Windows\System32\WS2_32.dll
0x00007ff89d050000 - 0x00007ff89d09b000 	C:\Windows\SYSTEM32\POWRPROF.dll
0x00007ff8877e0000 - 0x00007ff887807000 	C:\Windows\SYSTEM32\WINMM.dll
0x00007ff88eb30000 - 0x00007ff88eb3a000 	C:\Windows\SYSTEM32\VERSION.dll
0x00007ff89cf10000 - 0x00007ff89cf22000 	C:\Windows\SYSTEM32\UMPDC.dll
0x00007ff89b990000 - 0x00007ff89b9a2000 	C:\Windows\SYSTEM32\kernel.appcore.dll
0x00007ff890780000 - 0x00007ff89078a000 	C:\Program Files\Java\jdk-22\bin\jimage.dll
0x00007ff88c240000 - 0x00007ff88c424000 	C:\Windows\SYSTEM32\DBGHELP.DLL
0x00007ff88c200000 - 0x00007ff88c234000 	C:\Windows\SYSTEM32\dbgcore.DLL
0x00007ff89e2a0000 - 0x00007ff89e322000 	C:\Windows\System32\bcryptPrimitives.dll
0x00007ff860e40000 - 0x00007ff860e5e000 	C:\Program Files\Java\jdk-22\bin\java.dll
0x00007ff89f840000 - 0x00007ff89ff84000 	C:\Windows\System32\SHELL32.dll
0x00007ff89edc0000 - 0x00007ff89eeea000 	C:\Windows\System32\ole32.dll
0x00007ff89e6a0000 - 0x00007ff89e9f4000 	C:\Windows\System32\combase.dll
0x00007ff89bb90000 - 0x00007ff89c323000 	C:\Windows\SYSTEM32\windows.storage.dll
0x00007ff89d530000 - 0x00007ff89d55e000 	C:\Windows\SYSTEM32\Wldp.dll
0x00007ff8a00a0000 - 0x00007ff8a014d000 	C:\Windows\System32\SHCORE.dll
0x00007ff89ed60000 - 0x00007ff89edb5000 	C:\Windows\System32\shlwapi.dll
0x00007ff89da10000 - 0x00007ff89da2f000 	C:\Windows\SYSTEM32\profapi.dll
0x00007ff855900000 - 0x00007ff8559d7000 	C:\Program Files\Java\jdk-22\bin\jsvml.dll
0x00007ff890260000 - 0x00007ff890270000 	C:\Program Files\Java\jdk-22\bin\net.dll
0x00007ff89d290000 - 0x00007ff89d2fa000 	C:\Windows\system32\mswsock.dll
0x00007ff8558e0000 - 0x00007ff8558f6000 	C:\Program Files\Java\jdk-22\bin\nio.dll
0x00007ff8558c0000 - 0x00007ff8558d7000 	C:\Program Files\Java\jdk-22\bin\zip.dll
0x00007ff89cf30000 - 0x00007ff89cf6c000 	C:\Windows\SYSTEM32\IPHLPAPI.DLL
0x00007ff89eab0000 - 0x00007ff89eab8000 	C:\Windows\System32\NSI.dll
0x00007ff896600000 - 0x00007ff896609000 	C:\Program Files\Java\jdk-22\bin\extnet.dll
0x00007ff89b280000 - 0x00007ff89b290000 	C:\Program Files\Java\jdk-22\bin\verify.dll
0x00007ff89d480000 - 0x00007ff89d498000 	C:\Windows\SYSTEM32\CRYPTSP.dll
0x00007ff89cb40000 - 0x00007ff89cb74000 	C:\Windows\system32\rsaenh.dll
0x00007ff89e030000 - 0x00007ff89e057000 	C:\Windows\System32\bcrypt.dll
0x00007ff89d9d0000 - 0x00007ff89d9fe000 	C:\Windows\SYSTEM32\USERENV.dll
0x00007ff89d4a0000 - 0x00007ff89d4ac000 	C:\Windows\SYSTEM32\CRYPTBASE.dll
0x00007ff89cf70000 - 0x00007ff89d03b000 	C:\Windows\SYSTEM32\DNSAPI.dll
0x00007ff88f130000 - 0x00007ff88f13a000 	C:\Windows\System32\rasadhlp.dll
0x00007ff8907b0000 - 0x00007ff890832000 	C:\Windows\System32\fwpuclnt.dll
0x00007ff890000000 - 0x00007ff89000e000 	C:\Program Files\Java\jdk-22\bin\sunmscapi.dll
0x00007ff89dad0000 - 0x00007ff89dc2e000 	C:\Windows\System32\CRYPT32.dll
0x00007ff89d5a0000 - 0x00007ff89d5c8000 	C:\Windows\SYSTEM32\ncrypt.dll
0x00007ff89d560000 - 0x00007ff89d59b000 	C:\Windows\SYSTEM32\NTASN1.dll
0x00007ff896150000 - 0x00007ff896157000 	C:\Windows\system32\wshunix.dll

dbghelp: loaded successfully - version: 4.0.5 - missing functions: none
symbol engine: initialized successfully - sym options: 0x614 - pdb path: .;C:\Program Files\Java\jdk-22\bin;C:\Windows\SYSTEM32;C:\Windows\WinSxS\amd64_microsoft.windows.common-controls_6595b64144ccf1df_6.0.19041.1110_none_60b5254171f9507e;C:\Program Files\Java\jdk-22\bin\server

VM Arguments:
jvm_args: -ea -Dfile.encoding=UTF-8 -Dstdout.encoding=UTF-8 -Dstderr.encoding=UTF-8 -XX:+ShowCodeDetailsInExceptionMessages 
java_command: org.eclipse.jdt.internal.junit.runner.RemoteTestRunner -version 3 -port 59967 -testLoaderClass org.eclipse.jdt.internal.junit4.runner.JUnit4TestLoader -loaderpluginname org.eclipse.jdt.junit4.runtime -classNames org.stepdefinition.TestRunnerClass
java_class_path (initial): C:\Eclipse\Project\Cucumber\target\test-classes;C:\Eclipse\Project\Cucumber\target\classes;C:\Users\Dell\.m2\repository\io\cucumber\cucumber-java\7.18.1\cucumber-java-7.18.1.jar;C:\Users\Dell\.m2\repository\io\cucumber\cucumber-core\7.18.1\cucumber-core-7.18.1.jar;C:\Users\Dell\.m2\repository\io\cucumber\cucumber-gherkin\7.18.1\cucumber-gherkin-7.18.1.jar;C:\Users\Dell\.m2\repository\io\cucumber\cucumber-gherkin-messages\7.18.1\cucumber-gherkin-messages-7.18.1.jar;C:\Users\Dell\.m2\repository\io\cucumber\gherkin\28.0.0\gherkin-28.0.0.jar;C:\Users\Dell\.m2\repository\io\cucumber\messages\24.1.0\messages-24.1.0.jar;C:\Users\Dell\.m2\repository\io\cucumber\testng-xml-formatter\0.2.0\testng-xml-formatter-0.2.0.jar;C:\Users\Dell\.m2\repository\io\cucumber\query\12.2.0\query-12.2.0.jar;C:\Users\Dell\.m2\repository\io\cucumber\tag-expressions\6.1.0\tag-expressions-6.1.0.jar;C:\Users\Dell\.m2\repository\io\cucumber\cucumber-expressions\17.1.0\cucumber-expressions-17.1.0.jar;C:\Users\Dell\.m2\repository\io\cucumber\datatable\7.18.1\datatable-7.18.1.jar;C:\Users\Dell\.m2\repository\io\cucumber\cucumber-plugin\7.18.1\cucumber-plugin-7.18.1.jar;C:\Users\Dell\.m2\repository\io\cucumber\docstring\7.18.1\docstring-7.18.1.jar;C:\Users\Dell\.m2\repository\io\cucumber\html-formatter\21.4.1\html-formatter-21.4.1.jar;C:\Users\Dell\.m2\repository\io\cucumber\junit-xml-formatter\0.5.0\junit-xml-formatter-0.5.0.jar;C:\Users\Dell\.m2\repository\io\cucumber\ci-environment\10.0.1\ci-environment-10.0.1.jar;C:\Users\Dell\.m2\repository\org\apiguardian\apiguardian-api\1.1.2\apiguardian-api-1.1.2.jar;C:\Users\Dell\.m2\repository\io\cucumber\cucumber-junit\7.18.1\cucumber-junit-7.18.1.jar;C:\Users\Dell\.m2\repository\junit\junit\4.13.2\junit-4.13.2.jar;C:\Users\Dell\.m2\repository\org\hamcrest\hamcrest-core\1.3\hamcrest-core-1.3.jar;C:\Users\Dell\.m2\repository\org\seleniumhq\selenium\selenium-java\4.23.0\selenium-java-4.23.0.jar;C:\Users\Dell\.m2\repository\org\seleniumhq\selenium\selenium-api\4.23.0\selenium-api-4.23.0.jar;C:\Users\Dell\.m2\repository\org\seleniumhq\selenium\selenium-chrome-driver\4.23.0\selenium-chrome-driver-4.23.0.jar;C:\Users\Dell\.m2\repository\com\google\auto\service\auto-service-annotations\1.1.1\auto-service-annotations-1.1.1.jar;C:\Users\Dell\.m2\repository\org\seleniumhq\selenium\selenium-chromium-driver\4.23.0\selenium-chromium-driver-4.23.0.jar;C:\Users\Dell\.m2\repository\org\seleniumhq\selenium\selenium-json\4.23.0\selenium-json-4.23.0.jar;C:\Users\Dell\.m2\repository\org\seleniumhq\selenium\selenium-manager\4.23.0\selenium-manager-4.23.0.jar;C:\Users\Dell\.m2\repository\org\seleniumhq\selenium\selenium-devtools-v125\4.23.0\selenium-devtools-v125-4.23.0.jar;C:\Users\Dell\.m2\repository\org\seleniumhq\selenium\selenium-devtools-v126\4.23.0\selenium-devtools-v126-4.23.0.jar;C:\Users\Dell\.m2\repository\org\seleniumhq\selenium\selenium-devtools-v127\4.23.0\selenium-devtools-v127-4.23.0.jar;C:\Users\Dell\.m2\repository\org\seleniumhq\selenium\selenium-devtools-v85\4.23.0\selenium-devtools-v85-4.23.0.jar;C:\Users\Dell\.m2\repository\org\seleniumhq\selenium\selenium-edge-driver\4.23.0\selenium-edge-driver-4.23.0.jar;C:\Users\Dell\.m2\repository\org\seleniumhq\selenium\selenium-firefox-driver\4.23.0\selenium-firefox-driver-4.23.0.jar;C:\Users\Dell\.m2\repository\org\seleniumhq\selenium\selenium-http\4.23.0\selenium-http-4.23.0.jar;C:\Users\Dell\.m2\repository\dev\failsafe\failsafe\3.3.2\failsafe-3.3.2.jar;C:\Users\Dell\.m2\repository\org\seleniumhq\selenium\selenium-ie-driver\4.23.0\selenium-ie-driver-4.23.0.jar;C:\Users\Dell\.m2\repository\org\seleniumhq\selenium\selenium-remote-driver\4.23.0\selenium-remote-driver-4.23.0.jar;C:\Users\Dell\.m2\repository\com\google\guava\guava\33.2.1-jre\guava-33.2.1-jre.jar;C:\Users\Dell\.m2\repository\com\google\guava\failureaccess\1.0.2\failureaccess-1.0.2.jar;C:\Users\Dell\.m2\repository\com\google\guava\listenablefuture\9999.0-empty-to-avoid-conflict-with-guava\listenablefuture-9999.0-empty-to-avoid-conflict-with-guava.jar;C:\Users\Dell\.m2\repository\com\google\code\findbugs\jsr305\3.0.2\jsr305-3.0.2.jar;C:\Users\Dell\.m2\repository\org\checkerframework\checker-qual\3.42.0\checker-qual-3.42.0.jar;C:\Users\Dell\.m2\repository\com\google\errorprone\error_prone_annotations\2.26.1\error_prone_annotations-2.26.1.jar;C:\Users\Dell\.m2\repository\com\google\j2objc\j2objc-annotations\3.0.0\j2objc-annotations-3.0.0.jar;C:\Users\Dell\.m2\repository\io\opentelemetry\semconv\opentelemetry-semconv\1.25.0-alpha\opentelemetry-semconv-1.25.0-alpha.jar;C:\Users\Dell\.m2\repository\io\opentelemetry\opentelemetry-api\1.40.0\opentelemetry-api-1.40.0.jar;C:\Users\Dell\.m2\repository\io\opentelemetry\opentelemetry-context\1.40.0\opentelemetry-context-1.40.0.jar;C:\Users\Dell\.m2\repository\io\opentelemetry\opentelemetry-exporter-logging\1.40.0\opentelemetry-exporter-logging-1.40.0.jar;C:\Users\Dell\.m2\repository\io\opentelemetry\opentelemetry-sdk-common\1.40.0\opentelemetry-sdk-common-1.40.0.jar;C:\Users\Dell\.m2\repository\io\opentelemetry\opentelemetry-sdk-extension-autoconfigure-spi\1.40.0\opentelemetry-sdk-extension-autoconfigure-spi-1.40.0.jar;C:\Users\Dell\.m2\repository\io\opentelemetry\opentelemetry-sdk-extension-autoconfigure\1.40.0\opentelemetry-sdk-extension-autoconfigure-1.40.0.jar;C:\Users\Dell\.m2\repository\io\opentelemetry\opentelemetry-api-incubator\1.40.0-alpha\opentelemetry-api-incubator-1.40.0-alpha.jar;C:\Users\Dell\.m2\repository\io\opentelemetry\opentelemetry-sdk-trace\1.40.0\opentelemetry-sdk-trace-1.40.0.jar;C:\Users\Dell\.m2\repository\io\opentelemetry\opentelemetry-sdk\1.40.0\opentelemetry-sdk-1.40.0.jar;C:\Users\Dell\.m2\repository\io\opentelemetry\opentelemetry-sdk-metrics\1.40.0\opentelemetry-sdk-metrics-1.40.0.jar;C:\Users\Dell\.m2\repository\io\opentelemetry\opentelemetry-sdk-logs\1.40.0\opentelemetry-sdk-logs-1.40.0.jar;C:\Users\Dell\.m2\repository\net\bytebuddy\byte-buddy\1.14.18\byte-buddy-1.14.18.jar;C:\Users\Dell\.m2\repository\org\seleniumhq\selenium\selenium-os\4.23.0\selenium-os-4.23.0.jar;C:\Users\Dell\.m2\repository\org\apache\commons\commons-exec\1.4.0\commons-exec-1.4.0.jar;C:\Users\Dell\.m2\repository\org\seleniumhq\selenium\selenium-safari-driver\4.23.0\selenium-safari-driver-4.23.0.jar;C:\Users\Dell\.m2\repository\org\seleniumhq\selenium\selenium-support\4.23.0\selenium-support-4.23.0.jar;C:\Users\Dell\.m2\repository\org\apache\poi\poi-ooxml\3.8-beta4\poi-ooxml-3.8-beta4.jar;C:\Users\Dell\.m2\repository\org\apache\poi\poi\3.8-beta4\poi-3.8-beta4.jar;C:\Users\Dell\.m2\repository\commons-codec\commons-codec\1.5\commons-codec-1.5.jar;C:\Users\Dell\.m2\repository\org\apache\poi\poi-ooxml-schemas\3.8-beta4\poi-ooxml-schemas-3.8-beta4.jar;C:\Users\Dell\.m2\repository\org\apache\xmlbeans\xmlbeans\2.3.0\xmlbeans-2.3.0.jar;C:\Users\Dell\.m2\repository\stax\stax-api\1.0.1\stax-api-1.0.1.jar;C:\Users\Dell\.m2\repository\dom4j\dom4j\1.6.1\dom4j-1.6.1.jar;C:\Users\Dell\.m2\repository\xml-apis\xml-apis\1.0.b2\xml-apis-1.0.b2.jar;C:\Users\Dell\.m2\repository\commons-io\commons-io\2.4\commons-io-2.4.jar;C:\Eclipse\eclipse\configuration\org.eclipse.osgi\249\0\.cp;C:\Eclipse\eclipse\configuration\org.eclipse.osgi\248\0\.cp
Launcher Type: SUN_STANDARD

[Global flags]
     intx CICompilerCount                          = 2                                         {product} {ergonomic}
     uint ConcGCThreads                            = 1                                         {product} {ergonomic}
     uint G1ConcRefinementThreads                  = 2                                         {product} {ergonomic}
   size_t G1HeapRegionSize                         = 1048576                                   {product} {ergonomic}
   size_t InitialHeapSize                          = 67108864                                  {product} {ergonomic}
   size_t MarkStackSize                            = 4194304                                   {product} {ergonomic}
   size_t MaxHeapSize                              = 1071644672                                {product} {ergonomic}
   size_t MaxNewSize                               = 642777088                                 {product} {ergonomic}
   size_t MinHeapDeltaBytes                        = 1048576                                   {product} {ergonomic}
   size_t MinHeapSize                              = 8388608                                   {product} {ergonomic}
    uintx NonNMethodCodeHeapSize                   = 5826188                                {pd product} {ergonomic}
    uintx NonProfiledCodeHeapSize                  = 122916026                              {pd product} {ergonomic}
    uintx ProfiledCodeHeapSize                     = 122916026                              {pd product} {ergonomic}
    uintx ReservedCodeCacheSize                    = 251658240                              {pd product} {ergonomic}
     bool SegmentedCodeCache                       = true                                      {product} {ergonomic}
     bool ShowCodeDetailsInExceptionMessages       = true                                   {manageable} {command line}
   size_t SoftMaxHeapSize                          = 1071644672                             {manageable} {ergonomic}
     bool UseCompressedOops                        = true                           {product lp64_product} {ergonomic}
     bool UseG1GC                                  = true                                      {product} {ergonomic}
     bool UseLargePagesIndividualAllocation        = false                                  {pd product} {ergonomic}

Logging:
Log output configuration:
 #0: stdout all=warning uptime,level,tags foldmultilines=false
 #1: stderr all=off uptime,level,tags foldmultilines=false

Environment Variables:
PATH=C:\Program Files\Common Files\Oracle\Java\javapath;C:\Windows\system32;C:\Windows;C:\Windows\System32\Wbem;C:\Windows\System32\WindowsPowerShell\v1.0\;C:\Windows\System32\OpenSSH\;C:\Program Files\Java\jdk-22\bin;C:\Program Files\apache-maven-3.9.8\bin;C:\Users\Dell\AppData\Local\Microsoft\WindowsApps;
USERNAME=Dell
OS=Windows_NT
PROCESSOR_IDENTIFIER=Intel64 Family 6 Model 15 Stepping 13, GenuineIntel
TMP=C:\Users\Dell\AppData\Local\Temp
TEMP=C:\Users\Dell\AppData\Local\Temp




Periodic native trim disabled

---------------  S Y S T E M  ---------------

OS:
 Windows 10 , 64 bit Build 19041 (10.0.19041.2913)
OS uptime: 0 days 5:04 hours

CPU: total 2 (initial active 2) (2 cores per cpu, 1 threads per core) family 6 model 15 stepping 13 microcode 0xa4, cx8, cmov, fxsr, mmx, sse, sse2, sse3, ssse3, tsc, clflush
Processor Information for all 2 processors :
  Max Mhz: 1500, Current Mhz: 1500, Mhz Limit: 1500

Memory: 4k page, system-wide physical 4086M (1271M free)
TotalPageFile size 6390M (AvailPageFile size 3202M)
current process WorkingSet (physical memory assigned to process): 99M, peak: 99M
current process commit charge ("private bytes"): 171M, peak: 171M

vm_info: Java HotSpot(TM) 64-Bit Server VM (22.0.2+9-70) for windows-amd64 JRE (22.0.2+9-70), built on 2024-06-04T16:52:23Z by "mach5one" with MS VC++ 17.6 (VS2022)

END.
